<?xml version="1.0" encoding="UTF-8"?>
<!-- Generated by org.testng.reporters.JUnitXMLReporter -->
<testsuite hostname="BHUVANEK5" ignored="0" name="Test" tests="1" failures="1" timestamp="31 Jul 2018 16:01:56 GMT" time="0.671" errors="0">
  <testcase name="yahaoologintest" time="0.582" classname="com.parameters.ParameterTest">
    <failure type="java.lang.IllegalStateException" message="The driver executable does not exist: C:\Automation Framework\Maven Project\mavenproject\.\mavenproject\drivers\chromedriver.exe">
      <![CDATA[java.lang.IllegalStateException: The driver executable does not exist: C:\Automation Framework\Maven Project\mavenproject\.\mavenproject\drivers\chromedriver.exe
at com.google.common.base.Preconditions.checkState(Preconditions.java:585)
at org.openqa.selenium.remote.service.DriverService.checkExecutable(DriverService.java:137)
at org.openqa.selenium.remote.service.DriverService.findExecutable(DriverService.java:132)
at org.openqa.selenium.chrome.ChromeDriverService.access$000(ChromeDriverService.java:35)
at org.openqa.selenium.chrome.ChromeDriverService$Builder.findDefaultExecutable(ChromeDriverService.java:156)
at org.openqa.selenium.remote.service.DriverService$Builder.build(DriverService.java:346)
at org.openqa.selenium.chrome.ChromeDriverService.createDefaultService(ChromeDriverService.java:91)
at org.openqa.selenium.chrome.ChromeDriver.<init>(ChromeDriver.java:123)
at com.parameters.ParameterTest.yahaoologintest(ParameterTest.java:14)
... Removed 25 stack frames]]>
    </failure>
  </testcase> <!-- yahaoologintest -->
</testsuite> <!-- Test -->
